# JRE version: OpenJDK Runtime Environment (17.0.2+8) (build 17.0.2+8-86)
# Java VM: OpenJDK 64-Bit Server VM (17.0.2+8-86, mixed mode, sharing, tiered, compressed oops, compressed class ptrs, g1 gc, windows-amd64)
GC Precious Log:
 CPUs: 8 total, 8 available
 Memory: 12139M
 Large Page Support: Disabled
 NUMA Support: Disabled
 Compressed Oops: Enabled (Zero based)
 Heap Region Size: 2M
 Heap Min Capacity: 8M
 Heap Initial Capacity: 190M
 Heap Max Capacity: 3036M
 Pre-touch: Disabled
 Parallel Workers: 8
 Concurrent Workers: 2
 Concurrent Refinement Workers: 8
 Periodic GC: Disabled
Heap:
 garbage-first heap   total 75776K, used 21737K [0x0000000742400000, 0x0000000800000000)
  region size 2048K, 10 young (20480K), 7 survivors (14336K)
 Metaspace       used 21460K, committed 21760K, reserved 1073152K
  class space    used 2889K, committed 3008K, reserved 1048576K
GC Heap History (6 events):
Event: 0.654 GC heap before
{Heap before GC invocations=0 (full 0):
 garbage-first heap   total 194560K, used 20480K [0x0000000742400000, 0x0000000800000000)
  region size 2048K, 11 young (22528K), 0 survivors (0K)
 Metaspace       used 5160K, committed 5376K, reserved 1056768K
  class space    used 613K, committed 704K, reserved 1048576K
}
Event: 0.658 GC heap after
{Heap after GC invocations=1 (full 0):
 garbage-first heap   total 194560K, used 2913K [0x0000000742400000, 0x0000000800000000)
  region size 2048K, 2 young (4096K), 2 survivors (4096K)
 Metaspace       used 5160K, committed 5376K, reserved 1056768K
  class space    used 613K, committed 704K, reserved 1048576K
}
Event: 21.586 GC heap before
{Heap before GC invocations=1 (full 0):
 garbage-first heap   total 194560K, used 41825K [0x0000000742400000, 0x0000000800000000)
  region size 2048K, 20 young (40960K), 2 survivors (4096K)
 Metaspace       used 14970K, committed 15168K, reserved 1064960K
  class space    used 2121K, committed 2240K, reserved 1048576K
}
Event: 21.592 GC heap after
{Heap after GC invocations=2 (full 0):
 garbage-first heap   total 194560K, used 9449K [0x0000000742400000, 0x0000000800000000)
  region size 2048K, 3 young (6144K), 3 survivors (6144K)
 Metaspace       used 14970K, committed 15168K, reserved 1064960K
  class space    used 2121K, committed 2240K, reserved 1048576K
}
Event: 35.157 GC heap before
{Heap before GC invocations=2 (full 0):
 garbage-first heap   total 194560K, used 44265K [0x0000000742400000, 0x0000000800000000)
  region size 2048K, 21 young (43008K), 3 survivors (6144K)
 Metaspace       used 21233K, committed 21504K, reserved 1073152K
  class space    used 2866K, committed 3008K, reserved 1048576K
}
Event: 35.171 GC heap after
{Heap after GC invocations=3 (full 0):
 garbage-first heap   total 194560K, used 17641K [0x0000000742400000, 0x0000000800000000)
  region size 2048K, 7 young (14336K), 7 survivors (14336K)
 Metaspace       used 21233K, committed 21504K, reserved 1073152K
  class space    used 2866K, committed 3008K, reserved 1048576K
}

